<?xml version="1.0" encoding="UTF-8"?>
<!-- Generated by org.testng.reporters.JUnitXMLReporter -->
<testsuite ignored="2" hostname="LAPTOP-HK6CRJ4Q" failures="2" tests="12" name="Test" time="33.922" errors="0" timestamp="2022-09-19T15:40:25 IST">
  <testcase classname="pack1.class2" name="T2" time="9.177"/>
  <testcase classname="pack2.class3" name="T3" time="10.194"/>
  <testcase classname="TestNGatributes.T2" name="r" time="2.022">
    <failure type="org.testng.internal.thread.ThreadTimeoutException" message="Method TestNGatributes.T2.r() didn&amp;apos;t finish within the time-out 2000">
      <![CDATA[org.testng.internal.thread.ThreadTimeoutException: Method TestNGatributes.T2.r() didn't finish within the time-out 2000
at java.base/java.util.ArrayList.forEach(ArrayList.java:1511)
... Removed 24 stack frames]]>
    </failure>
  </testcase> <!-- r -->
  <testcase classname="TestNGatributes.Realtime" name="visiting" time="3.761"/>
  <testcase classname="TestNGatributes.TestNg1" name="m3" time="0.001"/>
  <testcase classname="TestNGatributes.Realtime" name="max" time="0.289"/>
  <testcase classname="TestNGatributes.TestNg1" name="m2" time="0.001"/>
  <testcase classname="TestNGatributes.Realtime" name="refresh" time="0.087"/>
  <testcase classname="TestNGatributes.Realtime" name="refresh" time="1.112"/>
  <testcase classname="TestNGatributes.Realtime" name="refresh" time="0.938"/>
  <testcase classname="TestNGatributes.Realtime" name="clicking" time="3.206"/>
  <testcase classname="TestNGatributes.Realtime" name="close" time="3.003">
    <failure type="org.testng.internal.thread.ThreadTimeoutException" message="Method TestNGatributes.Realtime.close() didn&amp;apos;t finish within the time-out 3000">
      <![CDATA[org.testng.internal.thread.ThreadTimeoutException: Method TestNGatributes.Realtime.close() didn't finish within the time-out 3000
at java.base/java.util.ArrayList.forEach(ArrayList.java:1511)
... Removed 24 stack frames]]>
    </failure>
  </testcase> <!-- close -->
  <testcase classname="TestNGatributes.TestNg1" name="m1" time="0.0">
    <ignored/>
  </testcase> <!-- m1 -->
  <testcase classname="pack1.class1" name="T1" time="0.0">
    <ignored/>
  </testcase> <!-- T1 -->
</testsuite> <!-- Test -->
