<?xml version="1.0" encoding="UTF-8"?>
<testng-results ignored="0" total="1" passed="1" failed="0" skipped="0">
  <reporter-output>
  </reporter-output>
  <suite started-at="2022-09-22T15:50:37 IST" name="Default suite" finished-at="2022-09-22T15:50:41 IST" duration-ms="3978">
    <groups>
    </groups>
    <test started-at="2022-09-22T15:50:37 IST" name="Default test" finished-at="2022-09-22T15:50:41 IST" duration-ms="3978">
      <class name="Extetesreport.c1">
        <test-method is-config="true" signature="startTest()[pri:0, instance:Extetesreport.c1@4bb33f74]" started-at="2022-09-22T15:50:37 IST" name="startTest" finished-at="2022-09-22T15:50:37 IST" duration-ms="154" status="PASS">
          <reporter-output>
          </reporter-output>
        </test-method> <!-- startTest -->
        <test-method signature="extentReportsDemo()[pri:0, instance:Extetesreport.c1@4bb33f74]" started-at="2022-09-22T15:50:37 IST" name="extentReportsDemo" finished-at="2022-09-22T15:50:41 IST" duration-ms="3437" status="PASS">
          <reporter-output>
          </reporter-output>
        </test-method> <!-- extentReportsDemo -->
        <test-method is-config="true" signature="endTest()[pri:0, instance:Extetesreport.c1@4bb33f74]" started-at="2022-09-22T15:50:41 IST" name="endTest" finished-at="2022-09-22T15:50:41 IST" duration-ms="347" status="PASS">
          <reporter-output>
          </reporter-output>
        </test-method> <!-- endTest -->
      </class> <!-- Extetesreport.c1 -->
    </test> <!-- Default test -->
  </suite> <!-- Default suite -->
</testng-results>
